<?xml version="1.0" encoding="UTF-8"?>
<testng-results skipped="0" failed="0" ignored="0" total="1" passed="1">
  <reporter-output>
  </reporter-output>
  <suite name="Default suite" duration-ms="54459" started-at="2020-09-28T00:31:04 IST" finished-at="2020-09-28T00:31:59 IST">
    <groups>
      <group name="cucumber">
        <method signature="AbstractTestNGCucumberTests.runScenario(io.cucumber.testng.PickleWrapper, io.cucumber.testng.FeatureWrapper)[pri:0, instance:runner.TestNG_Runner@2781e022]" name="runScenario" class="io.cucumber.testng.AbstractTestNGCucumberTests"/>
      </group> <!-- cucumber -->
    </groups>
    <test name="Default test" duration-ms="54459" started-at="2020-09-28T00:31:04 IST" finished-at="2020-09-28T00:31:59 IST">
      <class name="runner.TestNG_Runner">
        <test-method status="PASS" signature="setUpClass()[pri:0, instance:runner.TestNG_Runner@2781e022]" name="setUpClass" is-config="true" duration-ms="1340" started-at="2020-09-28T00:31:04 IST" finished-at="2020-09-28T00:31:05 IST">
          <reporter-output>
          </reporter-output>
        </test-method> <!-- setUpClass -->
        <test-method status="PASS" signature="runScenario(io.cucumber.testng.PickleWrapper, io.cucumber.testng.FeatureWrapper)[pri:0, instance:runner.TestNG_Runner@2781e022]" name="runScenario" duration-ms="52737" started-at="2020-09-28T00:31:05 IST" description="Runs Cucumber Scenarios" data-provider="scenarios" finished-at="2020-09-28T00:31:58 IST">
          <params>
            <param index="0">
              <value>
                <![CDATA["To validate successful registration"]]>
              </value>
            </param>
            <param index="1">
              <value>
                <![CDATA["Optional[To validate registration and signin functionalities of elearning page]"]]>
              </value>
            </param>
          </params>
          <reporter-output>
          </reporter-output>
        </test-method> <!-- runScenario -->
        <test-method status="PASS" signature="tearDownClass()[pri:0, instance:runner.TestNG_Runner@2781e022]" name="tearDownClass" is-config="true" duration-ms="321" started-at="2020-09-28T00:31:58 IST" finished-at="2020-09-28T00:31:59 IST">
          <reporter-output>
          </reporter-output>
        </test-method> <!-- tearDownClass -->
      </class> <!-- runner.TestNG_Runner -->
    </test> <!-- Default test -->
  </suite> <!-- Default suite -->
</testng-results>
